<?xml version="1.0" encoding="UTF-8"?>
<!-- Generated by org.testng.reporters.JUnitXMLReporter -->
<testsuite ignored="0" hostname="DESKTOP-AQ2OAPI" failures="0" tests="14" name="Test" time="93.094" errors="0" timestamp="2023-05-23T13:48:39 IST">
  <testcase classname="xurititestscript.TC_0001_Login" name="TM001testUserLogin" time="4.644"/>
  <testcase classname="xurititestscript.TC_0001_Login" name="TM002testAdminLogin" time="0.651"/>
  <testcase classname="xurititestscript.TC_0001_Login" name="TM003testManagerLogin" time="0.559"/>
  <testcase classname="xurititestscript.TC_0001_Login" name="TM004testNBFCLogin" time="0.53"/>
  <testcase classname="xurititestscript.TC_0002_CreateCompany" name="TM001_searchGst" time="0.469"/>
  <testcase classname="xurititestscript.TC_0002_CreateCompany" name="TM002_createCompanyAsBuyer" time="0.585"/>
  <testcase classname="xurititestscript.TC_0002_CreateCompany" name="TM003_createCompanyAsSeller" time="0.474"/>
  <testcase classname="xurititestscript.TC_0003_ManageCompany" name="TM001_ApproveBuyerCompny" time="41.51"/>
  <testcase classname="xurititestscript.TC_0003_ManageCompany" name="TM001_ApproveSellerCompny" time="41.772"/>
  <testcase classname="xurititestscript.TC_0004_CreateCreditPlan" name="TM0001testCreateSellerCreditPlan" time="0.136"/>
  <testcase classname="xurititestscript.TC_0004_CreateCreditPlan" name="TM0002testAddBuyerInSellerCreditPlan" time="0.456"/>
  <testcase classname="xurititestscript.TC_0005_NBFC_BuyerAndSellerMapping" name="TM0001_getNBFCName" time="0.51"/>
  <testcase classname="xurititestscript.TC_0005_NBFC_BuyerAndSellerMapping" name="TM0002_mapBuyerAndSellerInNBFC" time="0.183"/>
  <testcase classname="xurititestscript.TC_0006_CreditLimitApproval" name="TM0001_approveBuyerLimit" time="0.452"/>
</testsuite> <!-- Test -->
